<?xml version="1.0" encoding="UTF-8"?>
<testsuite xmlns:xsi="http://www.w3.org/2001/XMLSchema-instance" xsi:noNamespaceSchemaLocation="https://maven.apache.org/surefire/maven-surefire-plugin/xsd/surefire-test-report.xsd" name="com.ibm.Git.AppTest" time="0.031" tests="1" errors="0" skipped="0" failures="0">
  <properties>
    <property name="java.specification.version" value="18"/>
    <property name="sun.cpu.isalist" value="amd64"/>
    <property name="sun.jnu.encoding" value="Cp1252"/>
    <property name="java.class.path" value="C:\ShellExample\GitManagement\target\test-classes;C:\ShellExample\GitManagement\target\classes;C:\Users\SunithaGM\.m2\repository\junit\junit\4.11\junit-4.11.jar;C:\Users\SunithaGM\.m2\repository\org\hamcrest\hamcrest-core\1.3\hamcrest-core-1.3.jar;C:\Users\SunithaGM\.m2\repository\org\eclipse\jgit\org.eclipse.jgit\5.12.0.202106070339-r\org.eclipse.jgit-5.12.0.202106070339-r.jar;C:\Users\SunithaGM\.m2\repository\com\googlecode\javaewah\JavaEWAH\1.1.7\JavaEWAH-1.1.7.jar;C:\Users\SunithaGM\.m2\repository\org\slf4j\slf4j-api\1.7.30\slf4j-api-1.7.30.jar;C:\Users\SunithaGM\.m2\repository\org\slf4j\slf4j-simple\1.7.30\slf4j-simple-1.7.30.jar;C:\Users\SunithaGM\.m2\repository\commons-io\commons-io\2.11.0\commons-io-2.11.0.jar;"/>
    <property name="java.vm.vendor" value="Oracle Corporation"/>
    <property name="sun.arch.data.model" value="64"/>
    <property name="user.variant" value=""/>
    <property name="java.vendor.url" value="https://java.oracle.com/"/>
    <property name="user.timezone" value="Asia/Calcutta"/>
    <property name="os.name" value="Windows 11"/>
    <property name="java.vm.specification.version" value="18"/>
    <property name="sun.java.launcher" value="SUN_STANDARD"/>
    <property name="user.country" value="US"/>
    <property name="sun.boot.library.path" value="C:\InternalProjectSoftwares\InternalProjectSoftwares\jdk-18_windows-x64_bin\jdk-18\bin"/>
    <property name="sun.java.command" value="C:\Users\SUNITH~1\AppData\Local\Temp\surefire15275487412320421240\surefirebooter3064790198001291790.jar C:\Users\SunithaGM\AppData\Local\Temp\surefire15275487412320421240 2024-07-05T11-55-31_539-jvmRun1 surefire415291130421662569tmp surefire_04486179264149347038tmp"/>
    <property name="jdk.debug" value="release"/>
    <property name="surefire.test.class.path" value="C:\ShellExample\GitManagement\target\test-classes;C:\ShellExample\GitManagement\target\classes;C:\Users\SunithaGM\.m2\repository\junit\junit\4.11\junit-4.11.jar;C:\Users\SunithaGM\.m2\repository\org\hamcrest\hamcrest-core\1.3\hamcrest-core-1.3.jar;C:\Users\SunithaGM\.m2\repository\org\eclipse\jgit\org.eclipse.jgit\5.12.0.202106070339-r\org.eclipse.jgit-5.12.0.202106070339-r.jar;C:\Users\SunithaGM\.m2\repository\com\googlecode\javaewah\JavaEWAH\1.1.7\JavaEWAH-1.1.7.jar;C:\Users\SunithaGM\.m2\repository\org\slf4j\slf4j-api\1.7.30\slf4j-api-1.7.30.jar;C:\Users\SunithaGM\.m2\repository\org\slf4j\slf4j-simple\1.7.30\slf4j-simple-1.7.30.jar;C:\Users\SunithaGM\.m2\repository\commons-io\commons-io\2.11.0\commons-io-2.11.0.jar;"/>
    <property name="sun.cpu.endian" value="little"/>
    <property name="user.home" value="C:\Users\SunithaGM"/>
    <property name="user.language" value="en"/>
    <property name="java.specification.vendor" value="Oracle Corporation"/>
    <property name="java.version.date" value="2022-03-22"/>
    <property name="java.home" value="C:\InternalProjectSoftwares\InternalProjectSoftwares\jdk-18_windows-x64_bin\jdk-18"/>
    <property name="file.separator" value="\"/>
    <property name="basedir" value="C:\ShellExample\GitManagement"/>
    <property name="style.color" value="always"/>
    <property name="java.vm.compressedOopsMode" value="Zero based"/>
    <property name="line.separator" value="&#10;"/>
    <property name="java.vm.specification.vendor" value="Oracle Corporation"/>
    <property name="java.specification.name" value="Java Platform API Specification"/>
    <property name="surefire.real.class.path" value="C:\Users\SUNITH~1\AppData\Local\Temp\surefire15275487412320421240\surefirebooter3064790198001291790.jar"/>
    <property name="user.script" value=""/>
    <property name="sun.management.compiler" value="HotSpot 64-Bit Tiered Compilers"/>
    <property name="java.runtime.version" value="18+36-2087"/>
    <property name="user.name" value="SunithaGM"/>
    <property name="path.separator" value=";"/>
    <property name="os.version" value="10.0"/>
    <property name="java.runtime.name" value="Java(TM) SE Runtime Environment"/>
    <property name="file.encoding" value="UTF-8"/>
    <property name="java.vm.name" value="Java HotSpot(TM) 64-Bit Server VM"/>
    <property name="localRepository" value="C:\Users\SunithaGM\.m2\repository"/>
    <property name="java.vendor.url.bug" value="https://bugreport.java.com/bugreport/"/>
    <property name="java.io.tmpdir" value="C:\Users\SUNITH~1\AppData\Local\Temp\"/>
    <property name="java.version" value="18"/>
    <property name="user.dir" value="C:\ShellExample\GitManagement"/>
    <property name="os.arch" value="amd64"/>
    <property name="java.vm.specification.name" value="Java Virtual Machine Specification"/>
    <property name="sun.os.patch.level" value=""/>
    <property name="native.encoding" value="Cp1252"/>
    <property name="java.library.path" value="C:\InternalProjectSoftwares\InternalProjectSoftwares\jdk-18_windows-x64_bin\jdk-18\bin;C:\windows\Sun\Java\bin;C:\windows\system32;C:\windows;C:/InternalProjectSoftwares/InternalProjectSoftwares/jdk-18_windows-x64_bin/jdk-18/bin/server;C:/InternalProjectSoftwares/InternalProjectSoftwares/jdk-18_windows-x64_bin/jdk-18/bin;C:\windows\system32;C:\windows;C:\windows\System32\Wbem;C:\windows\System32\WindowsPowerShell\v1.0\;C:\windows\System32\OpenSSH\;C:\Program Files\Git\cmd;C:\Program Files\nodejs\;C:\Users\SunithaGM\AppData\Local\Microsoft\WindowsApps;C:\InternalProjectSoftwares\InternalProjectSoftwares\jdk-18_windows-x64_bin\jdk-18\bin;C:\InternalProjectSoftwares\InternalProjectSoftwares\apache-maven-3.9.4-bin\apache-maven-3.9.4\bin;C:\Users\SunithaGM\AppData\Local\Programs\Microsoft VS Code\bin;C:\Users\SunithaGM\AppData\Roaming\npm;C:\windows\System32;;."/>
    <property name="java.vm.info" value="mixed mode, sharing"/>
    <property name="java.vendor" value="Oracle Corporation"/>
    <property name="java.vm.version" value="18+36-2087"/>
    <property name="sun.io.unicode.encoding" value="UnicodeLittle"/>
    <property name="java.class.version" value="62.0"/>
  </properties>
  <testcase name="shouldAnswerWithTrue" classname="com.ibm.Git.AppTest" time="0.004"/>
</testsuite>